<?xml version="1.0" encoding="UTF-8"?>
<!-- Generated by org.testng.reporters.JUnitXMLReporter -->
<testsuite ignored="0" hostname="DESKTOP-DV4AI68" failures="0" tests="3" name="Default test" time="0.418" errors="0" timestamp="2024-01-09T08:59:13 GMT-05:00">
  <testcase classname="Second_Code.Login_Page" name="K" time="0.128"/>
  <testcase classname="Second_Code.Login_Page" name="L" time="0.007"/>
  <testcase classname="Second_Code.Login_Page" name="T" time="0.006"/>
</testsuite> <!-- Default test -->
