<?xml version="1.0" encoding="UTF-8"?>
<testng-results ignored="0" total="6" passed="6" failed="0" skipped="0">
  <reporter-output>
  </reporter-output>
  <suite started-at="2024-01-09T19:17:23 GMT-05:00" name="Suite" finished-at="2024-01-09T19:17:24 GMT-05:00" duration-ms="702">
    <groups>
    </groups>
    <test started-at="2024-01-09T19:17:23 GMT-05:00" name="Test" finished-at="2024-01-09T19:17:24 GMT-05:00" duration-ms="702">
      <class name="Second_Code.Login_Page">
        <test-method signature="K()[pri:0, instance:Second_Code.Login_Page@60099951]" started-at="2024-01-09T19:17:23 GMT-05:00" name="K" finished-at="2024-01-09T19:17:24 GMT-05:00" duration-ms="292" status="PASS">
          <reporter-output>
          </reporter-output>
        </test-method> <!-- K -->
        <test-method signature="L()[pri:0, instance:Second_Code.Login_Page@60099951]" started-at="2024-01-09T19:17:24 GMT-05:00" name="L" finished-at="2024-01-09T19:17:24 GMT-05:00" duration-ms="4" status="PASS">
          <reporter-output>
          </reporter-output>
        </test-method> <!-- L -->
        <test-method signature="T()[pri:0, instance:Second_Code.Login_Page@60099951]" started-at="2024-01-09T19:17:24 GMT-05:00" name="T" finished-at="2024-01-09T19:17:24 GMT-05:00" duration-ms="8" status="PASS">
          <reporter-output>
          </reporter-output>
        </test-method> <!-- T -->
      </class> <!-- Second_Code.Login_Page -->
    </test> <!-- Test -->
  </suite> <!-- Suite -->
  <suite started-at="2024-01-09T19:17:24 GMT-05:00" name="Suite (0)" finished-at="2024-01-09T19:17:24 GMT-05:00" duration-ms="54">
    <groups>
    </groups>
    <test started-at="2024-01-09T19:17:24 GMT-05:00" name="Test" finished-at="2024-01-09T19:17:24 GMT-05:00" duration-ms="54">
      <class name="Third_Code.Fb_Test">
        <test-method signature="Fb_Home()[pri:0, instance:Third_Code.Fb_Test@17f9d882]" started-at="2024-01-09T19:17:24 GMT-05:00" name="Fb_Home" finished-at="2024-01-09T19:17:24 GMT-05:00" duration-ms="6" status="PASS">
          <reporter-output>
          </reporter-output>
        </test-method> <!-- Fb_Home -->
        <test-method signature="Fb_Login()[pri:0, instance:Third_Code.Fb_Test@17f9d882]" started-at="2024-01-09T19:17:24 GMT-05:00" name="Fb_Login" finished-at="2024-01-09T19:17:24 GMT-05:00" duration-ms="5" status="PASS">
          <reporter-output>
          </reporter-output>
        </test-method> <!-- Fb_Login -->
        <test-method signature="Fb_Rg()[pri:0, instance:Third_Code.Fb_Test@17f9d882]" started-at="2024-01-09T19:17:24 GMT-05:00" name="Fb_Rg" finished-at="2024-01-09T19:17:24 GMT-05:00" duration-ms="4" status="PASS">
          <reporter-output>
          </reporter-output>
        </test-method> <!-- Fb_Rg -->
      </class> <!-- Third_Code.Fb_Test -->
    </test> <!-- Test -->
  </suite> <!-- Suite (0) -->
  <suite started-at="2024-01-09T19:17:24 GMT-05:00" name=" MasterSuite" finished-at="2024-01-09T19:17:24 GMT-05:00" duration-ms="0">
    <groups>
    </groups>
  </suite> <!--  MasterSuite -->
</testng-results>
