<?xml version="1.0" encoding="UTF-8"?>
<testng-results ignored="0" total="6" passed="6" failed="0" skipped="0">
  <reporter-output>
  </reporter-output>
  <suite started-at="2024-01-09T19:12:12 GMT-05:00" name="Suite" finished-at="2024-01-09T19:12:12 GMT-05:00" duration-ms="427">
    <groups>
    </groups>
    <test started-at="2024-01-09T19:12:12 GMT-05:00" name="Test" finished-at="2024-01-09T19:12:12 GMT-05:00" duration-ms="427">
      <class name="Second_Code.Login_Page">
        <test-method signature="K()[pri:0, instance:Second_Code.Login_Page@6c2ed0cd]" started-at="2024-01-09T19:12:12 GMT-05:00" name="K" finished-at="2024-01-09T19:12:12 GMT-05:00" duration-ms="135" status="PASS">
          <reporter-output>
          </reporter-output>
        </test-method> <!-- K -->
        <test-method signature="L()[pri:0, instance:Second_Code.Login_Page@6c2ed0cd]" started-at="2024-01-09T19:12:12 GMT-05:00" name="L" finished-at="2024-01-09T19:12:12 GMT-05:00" duration-ms="9" status="PASS">
          <reporter-output>
          </reporter-output>
        </test-method> <!-- L -->
        <test-method signature="T()[pri:0, instance:Second_Code.Login_Page@6c2ed0cd]" started-at="2024-01-09T19:12:12 GMT-05:00" name="T" finished-at="2024-01-09T19:12:12 GMT-05:00" duration-ms="4" status="PASS">
          <reporter-output>
          </reporter-output>
        </test-method> <!-- T -->
      </class> <!-- Second_Code.Login_Page -->
    </test> <!-- Test -->
  </suite> <!-- Suite -->
  <suite started-at="2024-01-09T19:12:12 GMT-05:00" name="Suite (0)" finished-at="2024-01-09T19:12:13 GMT-05:00" duration-ms="83">
    <groups>
    </groups>
    <test started-at="2024-01-09T19:12:12 GMT-05:00" name="Test" finished-at="2024-01-09T19:12:13 GMT-05:00" duration-ms="83">
      <class name="Third_Code.Fb_Test">
        <test-method signature="Fb_Home()[pri:0, instance:Third_Code.Fb_Test@1fc32e4f]" started-at="2024-01-09T19:12:12 GMT-05:00" name="Fb_Home" finished-at="2024-01-09T19:12:12 GMT-05:00" duration-ms="15" status="PASS">
          <reporter-output>
          </reporter-output>
        </test-method> <!-- Fb_Home -->
        <test-method signature="Fb_Login()[pri:0, instance:Third_Code.Fb_Test@1fc32e4f]" started-at="2024-01-09T19:12:12 GMT-05:00" name="Fb_Login" finished-at="2024-01-09T19:12:12 GMT-05:00" duration-ms="21" status="PASS">
          <reporter-output>
          </reporter-output>
        </test-method> <!-- Fb_Login -->
        <test-method signature="Fb_Rg()[pri:0, instance:Third_Code.Fb_Test@1fc32e4f]" started-at="2024-01-09T19:12:12 GMT-05:00" name="Fb_Rg" finished-at="2024-01-09T19:12:13 GMT-05:00" duration-ms="18" status="PASS">
          <reporter-output>
          </reporter-output>
        </test-method> <!-- Fb_Rg -->
      </class> <!-- Third_Code.Fb_Test -->
    </test> <!-- Test -->
  </suite> <!-- Suite (0) -->
  <suite started-at="2024-01-09T19:12:13 GMT-05:00" name=" MasterSuite" finished-at="2024-01-09T19:12:13 GMT-05:00" duration-ms="0">
    <groups>
    </groups>
  </suite> <!--  MasterSuite -->
</testng-results>
